back.png
cc.png
certificados
chart.aux
chart.log
chart.pdf
chart.tex
chart.tex~
cv.pdf
diretorio.py
diretorio.py~
editor.png
estrutura_basica.aux
estrutura_basica.log
estrutura_basica.pdf
estrutura_basica.tex
exemplo_carta.pdf
exemplo_carta.tex
exemplo_libreoffice.png
exemplos_latex
fluxograma.aux
fluxograma.log
fluxograma.pdf
fluxograma.tex
fluxograma.tex~
fontes.pdf
fontes.png
ingressos.aux
ingressos.log
ingressos.pdf
ingressos.tex
knuth.jpg
lamport.jpg
ls.aux
ls.log
ls.output
ls.tex
math.db
melissa_blusol2013.aux
melissa_blusol2013.log
melissa_blusol2013.nav
melissa_blusol2013.out
melissa_blusol2013.pdf
melissa_blusol2013.pyg
melissa_blusol2013.snm
melissa_blusol2013.tex
melissa_blusol2013.tex~
melissa_blusol2013.toc
melissa_blusol2013.vrb
ornament.pdf
output.png
pgfornament.zip
piechart.py
piechart.py~
proposta fisl
saintignuciuscopia.jpg
sunset.aux
sunset.log
sunset.pdf
sunset.tex
terminal.png
textura_flowers.png
textura_flowers.xcf
ttw.pdf
tudo.aux
tudo.log
tudo.pdf
tudo.tex
tudo.tex~
tudo.tex.backup
Tux.png
variaveis.aux
variaveis.log
variaveis.pdf
variaveis.tex
variaveis.tex~
xii.dvi
xii.log
xii.tex
